make.exe all --print-data-base --no-builtin-variables --no-builtin-rules --question
# GNU Make 3.81
# Copyright (C) 2006  Free Software Foundation, Inc.
# This is free software; see the source for copying conditions.
# There is NO warranty; not even for MERCHANTABILITY or FITNESS FOR A
# PARTICULAR PURPOSE.

# This program built for i386-pc-mingw32
 

# Make data base, printed on Mon Jul 25 17:14:34 2022

# Variables

# automatic
<D = $(patsubst %/,%,$(dir $<))
# automatic
?F = $(notdir $?)
# makefile
MAKEFLAGS = Rrqp
# automatic
?D = $(patsubst %/,%,$(dir $?))
# environment
GRADLE_HOME = C:\Program Files\gradle-4.9
# automatic
@D = $(patsubst %/,%,$(dir $@))
# environment
HOMEDRIVE = C:
# automatic
@F = $(notdir $@)
# automatic
^D = $(patsubst %/,%,$(dir $^))
# makefile
CURDIR := c:/Users/benka/Desktop/AstarPathfindingVisualizer
# default
SHELL := sh.exe
# environment
WINDIR = C:\WINDOWS
# environment
VSCODE_NLS_CONFIG = {"locale":"en-us","availableLanguages":{},"_languagePackSupport":true}
# environment
PYCHARM COMMUNITY EDITION = C:\Program Files\JetBrains\PyCharm Community Edition 2020.3.1\bin;
# environment
ONEDRIVE = C:\Users\benka\OneDrive
# environment
PATHEXT = .COM;.EXE;.BAT;.CMD;.VBS;.VBE;.JS;.JSE;.WSF;.WSH;.MSC;.PY;.PYW
# makefile (from `makefile', line 1)
MAKEFILE_LIST :=  makefile
# environment
FPS_BROWSER_USER_PROFILE_STRING = Default
# environment
TMP = C:\Users\benka\AppData\Local\Temp
# environment
PROGRAMW6432 = C:\Program Files
# environment
PROGRAMDATA = C:\ProgramData
# environment
VSCODE_CWD = C:\Users\benka\AppData\Local\Programs\Microsoft VS Code
# environment
PATH = C:\Python310\Scripts\;C:\Python310\;C:\Program Files\Common Files\Oracle\Java\javapath;C:\Program Files (x86)\Common Files\Oracle\Java\javapath;C:\Program Files\Java\jdk-13.0.1\bin;C:\Program Files\gradle-4.9\bin\;C:\Windows\system32;C:\Windows;C:\Windows\System32\Wbem;C:\Windows\System32\WindowsPowerShell\v1.0\;C:\Windows\System32\OpenSSH\;C:\Program Files\gradle-4.9\bin\;C:\Users\benka\AppData\Local\Programs\Python\Python38-32\;C:\Users\benka\AppData\Local\Programs\Python\Python38-32\Scripts\;C:\Program Files\dotnet\;C:\Program Files\Git\cmd;C:\Users\benka\Desktop\dart-sass-1.26.10-windows-x64\dart-sass\;C:\Program Files\NVIDIA Corporation\NVIDIA NvDLISR;C:\Program Files\MySQL\MySQL Server 8.0\bin;C:\WINDOWS\system32;C:\WINDOWS;C:\WINDOWS\System32\Wbem;C:\WINDOWS\System32\WindowsPowerShell\v1.0\;C:\WINDOWS\System32\OpenSSH\;C:\Program Files (x86)\NVIDIA Corporation\PhysX\Common;C:\Program Files\nodejs\;C:\ProgramData\chocolatey\bin;C:\Program Files (x86)\GnuWin32\bin;C:\mingw64\bin;C:\Program Files\MySQL\MySQL Shell 8.0\bin\;C:\Users\benka\AppData\Local\Microsoft\WindowsApps;C:\Users\benka\AppData\Local\Programs\Microsoft VS Code\bin;C:\Program Files\JetBrains\PyCharm Community Edition 2020.3.1\bin;;C:\Users\benka\.dotnet\tools;C:\Users\benka\Desktop\dart-sass-1.26.10-windows-x64\dart-sass;C:\Program Files\gradle-4.9\bin;C:\Users\benka\AppData\Local\GitHubDesktop\bin;C:\Users\benka\AppData\Roaming\npm
# environment
COMMONPROGRAMW6432 = C:\Program Files\Common Files
# environment
CHOCOLATEYLASTPATHUPDATE = 132969465542868706
# environment
PROCESSOR_ARCHITECTURE = x86
# environment
USERPROFILE = C:\Users\benka
# environment
CHOCOLATEYINSTALL = C:\ProgramData\chocolatey
# environment
ALLUSERSPROFILE = C:\ProgramData
# environment
NUMBER_OF_PROCESSORS = 16
# environment
ELECTRON_RUN_AS_NODE = 1
# default
.FEATURES := target-specific order-only second-expansion else-if archives
# environment
VPROJECT = D:\Program Files (x86)\Steam\steamapps\common\team fortress 2\tf
# automatic
%F = $(notdir $%)
# environment
CHROME_CRASHPAD_PIPE_NAME = \\.\pipe\crashpad_5828_UMJNEIACYNVMYERT
# environment
COMPUTERNAME = BENSDESKTOP
# environment
PROGRAMFILES = C:\Program Files (x86)
# environment
DRIVERDATA = C:\Windows\System32\Drivers\DriverData
# environment
SOURCESDK = D:\Program Files (x86)\Steam\steamapps\common\SourceSDK
# environment
ASL.LOG = Destination=file
# environment
ORIGINAL_XDG_CURRENT_DESKTOP = undefined
# environment
USERNAME = Ben
# environment
PUBLIC = C:\Users\Public
# environment
VSCODE_AMD_ENTRYPOINT = vs/workbench/api/node/extensionHostProcess
# environment
VSCODE_CODE_CACHE_PATH = C:\Users\benka\AppData\Roaming\Code\CachedData\3b889b090b5ad5793f524b5d1d39fda662b96a2a
# environment
APPLICATION_INSIGHTS_NO_DIAGNOSTIC_CHANNEL = true
# environment
COMMONPROGRAMFILES = C:\Program Files (x86)\Common Files
# environment
LOGONSERVER = \\BENSDESKTOP
# environment
ONEDRIVECONSUMER = C:\Users\benka\OneDrive
# environment
VSCODE_HANDLES_UNCAUGHT_ERRORS = true
# environment
USERDOMAIN = BENSDESKTOP
# default
MAKE = $(MAKE_COMMAND)
# default
MAKECMDGOALS := all
# environment
JAVA_HOME = C:\Program Files\Java\jdk1.8.0_281\
# default
MAKE_VERSION := 3.81
# makefile
.DEFAULT_GOAL := all
# environment
PROGRAMFILES(X86) = C:\Program Files (x86)
# automatic
%D = $(patsubst %/,%,$(dir $%))
# environment
LOCALAPPDATA = C:\Users\benka\AppData\Local
# environment
PSMODULEPATH = C:\Program Files\WindowsPowerShell\Modules;C:\WINDOWS\system32\WindowsPowerShell\v1.0\Modules
# default
MAKE_COMMAND := make.exe
# environment
PROCESSOR_ARCHITEW6432 = AMD64
# environment
AMDRMSDKPATH = C:\Program Files\AMD\RyzenMasterSDK\
# default
.VARIABLES := 
# automatic
*F = $(notdir $*)
# environment
PROCESSOR_IDENTIFIER = AMD64 Family 23 Model 1 Stepping 1, AuthenticAMD
# environment
OS = Windows_NT
# environment
VSCOD 
E_IPC_HOOK = \\.\pipe\f7e79fc2920277e8924a678726a998b6-1.69.2-main-sock
# environment
HOMEPATH = \Users\benka
# environment
COMMONPROGRAMFILES(X86) = C:\Program Files (x86)\Common Files
# environment
PROMPT = $P$G
# environment
MFLAGS = -Rrqp
# automatic
*D = $(patsubst %/,%,$(dir $*))
# environment
SYSTEMROOT = C:\WINDOWS
# automatic
+D = $(patsubst %/,%,$(dir $+))
# automatic
+F = $(notdir $+)
# environment
APPDATA = C:\Users\benka\AppData\Roaming
# environment
TEMP = C:\Users\benka\AppData\Local\Temp
# environment
AMDRMPATH = C:\Program Files\AMD\RyzenMaster\
# environment
COMSPEC = C:\WINDOWS\system32\cmd.exe
# default
MAKEFILES := 
# automatic
<F = $(notdir $<)
# environment
VS160COMCOMNTOOLS = C:\Program Files (x86)\Microsoft Visual Studio\2019\Community\Common7\Tools\
# environment
LC_ALL = C
# automatic
^F = $(notdir $^)
# default
SUFFIXES := 
# environment
SYSTEMDRIVE = C:
# environment
SESSIONNAME = Console
# environment
PROCESSOR_REVISION = 0101
# environment
MAKELEVEL := 0
# environment
LANG = C
# environment
PROCESSOR_LEVEL = 23
# environment
FPS_BROWSER_APP_PROFILE_STRING = Internet Explorer
# environment
VSCODE_PID = 5828
# environment
USERDOMAIN_ROAMINGPROFILE = BENSDESKTOP
# variable set hash-table stats:
# Load=95/1024=9%, Rehash=0, Collisions=9/117=8%

# Pattern-specific Variable Values

# No pattern-specific variable values.

# Directories

# : could not be stat'd.
# C:\Program Files\Common Files\Oracle\Java\javapath (key C:/Program Files/Common Files/Oracle/Java/javapath, mtime 1631396976): 6 files, no impossibilities.
# C:\Users\benka\AppData\Local\Programs\Python\Python38-32\ (key C:/Users/benka/AppData/Local/Programs/Python/Python38-32/, mtime 1585950998): 20 files, no impossibilities.
# C:\Program Files\Java\jdk-13.0.1\bin (key C:/Program Files/Java/jdk-13.0.1/bin, mtime 1577766056): 126 files, no impossibilities.
# C:\Users\benka\AppData\Local\Programs\Python\Python38-32\Scripts\ (key C:/Users/benka/AppData/Local/Programs/Python/Python38-32/Scripts/, mtime 1620008861): 58 files, no impossibilities.
# C:\Windows\System32\WindowsPowerShell\v1.0\ (key C:/Windows/System32/WindowsPowerShell/v1.0/, mtime 1604909985): 30 files, no impossibilities.
# C:\Windows\System32\Wbem (key C:/Windows/System32/Wbem, mtime 1658184685): 154 files, no impossibilities.
# . (key c:/Users/benka/Desktop/AstarPathfindingVisualizer, mtime 1658527856): 22 files, no impossibilities.
# C:\Program Files\nodejs\ (key C:/Program Files/nodejs/, mtime 1652472924): 13 files, no impossibilities.
# C:\Program Files (x86)\NVIDIA 
 Corporation\PhysX\Common (key C:/Program Files (x86)/NVIDIA Corporation/PhysX/Common, mtime 1610038497): 10 files, no impossibilities.
# C:\Program Files\MySQL\MySQL Server 8.0\bin (key C:/Program Files/MySQL/MySQL Server 8.0/bin, mtime 1653261268): 57 files, no impossibilities.
# C:\ProgramData\chocolatey\bin (key C:/ProgramData/chocolatey/bin, mtime 1652472954): 11 files, no impossibilities.
# C:\Program Files\dotnet\ (key C:/Program Files/dotnet/, mtime 1640468605): 13 files, no impossibilities.
# C:\Python310\ (key C:/Python310/, mtime 1652473066): 18 files, no impossibilities.
# C:\Python310\Scripts\ (key C:/Python310/Scripts/, mtime 1652473066): 5 files, no impossibilities.
# C:\Program Files\MySQL\MySQL Shell 8.0\bin\ (key C:/Program Files/MySQL/MySQL Shell 8.0/bin/, mtime 1653261762): 9 files, no impossibilities.
# C:\Users\benka\Desktop\dart-sass-1.26.10-windows-x64\dart-sass\: could not be stat'd.
# C:\Windows\System32\OpenSSH\: could not be stat'd.
# C:\Program Files (x86)\Common Files\Oracle\Java\javapath (key C:/Program Files (x86)/Common Files/Oracle/Java/javapath, mtime 1658258238): 5 files, no impossibilities.
# C:\mingw64\bin (key C:/mingw64/bin, mtime 1521554570): 59 files, no impossibilities.
# C:\Windows (key C:/Windows, mtime 1658184684): 112 files, no impossibilities.
# C:\Users\benka\AppData\Local\Programs\Microsoft VS Code\bin (key C:/Users/benka/AppData/Local/Programs/Microsoft VS Code/bin, mtime 1658367516): 4 files, no impossibilities.
# C:\Program Files\JetBrains\PyCharm Community E 
dition 2020.3.1\bin (key C:/Program Files/JetBrains/PyCharm Community Edition 2020.3.1/bin, mtime 1608595567): 28 files, no impossibilities.
# C:\Users\benka\AppData\Roaming\npm (key C:/Users/benka/AppData/Roaming/npm, mtime 1652472919): 2 files, no impossibilities.
# C:\Users\benka\.dotnet\tools: could not be stat'd.
# C:\Users\benka\Desktop\dart-sass-1.26.10-windows-x64\dart-sass: could not be stat'd.
# C:\Program Files\Git\cmd (key C:/Program Files/Git/cmd, mtime 1598806411): 8 files, no impossibilities. 

# C:\Windows\system32 (key C:/Windows/system32, mtime 1658756013): 3007 files, no impossibilities.
# C:\Program Files\gradle-4.9\bin\ (key C:/Program Files/gradle-4.9/bin/, mtime 1617590773): 4 files, no impossibilities.
# C:\Users\benka\AppData\Local\GitHubDesktop\bin (key C:/Users/benka/AppData/Local/GitHubDesktop/bin, mtime 1630548320): 4 files, no impossibilities.
# C:\Users\benka\AppData\Local\Microsoft\WindowsApps (key C:/Users/benka/AppData/Local/Microsoft/WindowsApps, mtime 1658441821): 15 files, no impossibilities.
# C:\Program Files\gradle-4.9\bin (key C:/Program Files/gradle-4.9/bin, mtime 1617590773): 4 files, no impossibilities.
# C:\Program Files\NVIDIA Corporation\NVIDIA NvDLISR (key C:/Program Files/NVIDIA Corporation/NVIDIA NvDLISR, mtime 1599778933): 5 files, no impossibilities.
# C:\Program Files (x86)\GnuWin32\bin (key C:/Program Files (x86)/GnuWin32/bin, mtime 1654134099): 5 files, no impossibilities.

# 3814 files, no impossibilities in 34 directories.

# Implicit Rules

# No implicit r 
ules.

# Files

link:
#  Implicit rule search has not been done.
#  Modification time never checked.
#  File has not been updated.
#  commands to execute (from `makefile', line 7):
	g++ main.o -o Pathfinding -Lsrc/lib -lsfml-graphics -lsfml-window -lsfml-system
	

all: compile link
#  Command-line target.
#  Implicit rule search has been done.
#  File does not exist.
#  File has been updated.
#  Needs to be updated (-q is set).
# variable set hash-table stats:
# Load=0/32=0%, Rehash=0, Collisions=0/2=0%

# Not a target:
.DEFAULT:
#  Implicit rule search has not been done.
#  Modification time never checked.
#  File has not been updated.

# Not a target:
makefile:
#  Implicit rule search has been done.
#  Last modified 2022-06-22 07:33:26
#  File has been updated.
#  Successfully updated.
# variable set hash-table stats:
# Load=0/32=0%, Rehash=0, Collisions=0/0=0%

# Not a target:
.SUFFIXES:
#  Implicit rule search has not been done.
#  Modification time never checked.
#  File has not been updated.

compile:
# 
  Implicit rule search has not been done.
#  Implicit/static pattern stem: `'
#  File does not exist.
#  File has been updated.
#  Needs to be updated (-q is set).
# automatic
# @ := compile
# automatic
# % := 
# automatic
# * := 
# automatic
# + := 
# automatic
# | := 
# automatic
# < := 
# automatic
# ^ := 
# automatic
# ? := 
# variable set hash-table stats:
# Load=8/32=25%, Rehash=0, Collisions=1/10=10%
#  commands to execute (from `makefile', line 4):
	g++ -Isrc/include -c main.cpp
	

# files hash-table stats:
# Load=6/1024=1%, Rehash=0, Collisions=0/21=0%
# VPATH Search Paths

# No `vpath' search paths.

# No general (`VPATH' variable) search path.

# # of strings in strcache: 1
# # of strcache buffers: 1
# strcache size: total = 4096 / max = 4096 / min = 4096 / avg = 4096
# strcache free: total = 4087 / max = 4087 / min = 4087 / avg = 4087

# Finished Make data base on Mon Jul 25 17:14:34 2022

 
